{
  "RSpec": {
    "coverage": {
      "/Users/mayutakeda/turing/1mod/projects/enigma/spec/enigma_encrypt_spec.rb": {
        "lines": [
          1,
          1,
          1,
          null,
          1,
          1,
          13,
          null,
          null,
          1,
          1,
          null,
          null,
          1,
          1,
          1,
          1,
          null,
          null,
          1,
          1,
          null,
          null,
          1,
          1,
          null,
          null,
          1,
          1,
          1,
          null,
          null,
          1,
          1,
          null,
          null,
          null,
          null,
          null,
          null,
          1,
          1,
          null,
          null,
          null,
          null,
          null,
          null,
          1,
          1,
          null,
          null,
          null,
          null,
          null,
          null,
          1,
          1,
          null,
          null,
          null,
          null,
          null,
          null,
          1,
          1,
          null,
          null,
          null,
          null,
          null,
          null,
          1,
          1,
          null,
          null,
          null,
          null,
          null,
          null,
          1,
          1,
          1,
          1,
          null,
          null,
          1,
          1,
          null,
          null,
          null,
          null,
          null,
          null,
          null,
          null,
          null,
          null,
          null,
          null,
          null,
          null,
          null,
          null,
          null,
          null
        ]
      },
      "/Users/mayutakeda/turing/1mod/projects/enigma/lib/enigma_encrypt.rb": {
        "lines": [
          1,
          null,
          1,
          1,
          null,
          1,
          32,
          null,
          null,
          1,
          null,
          20,
          null,
          null,
          null,
          null,
          null,
          1,
          null,
          null,
          null,
          null,
          null,
          20,
          213,
          209,
          null,
          4,
          null,
          null,
          null,
          null
        ]
      },
      "/Users/mayutakeda/turing/1mod/projects/enigma/lib/enigma.rb": {
        "lines": [
          1,
          1,
          null,
          1,
          63,
          63,
          63,
          63,
          null,
          null,
          1,
          597798,
          null,
          null,
          1,
          null,
          null,
          null,
          null,
          597757,
          597757,
          597757,
          null,
          null,
          1,
          null,
          null,
          null,
          597758,
          597758,
          2988790,
          597758,
          null,
          null,
          1,
          null,
          null,
          2988800,
          null,
          null,
          1,
          null,
          null,
          597759,
          2988795,
          null,
          null
        ]
      },
      "/Users/mayutakeda/turing/1mod/projects/enigma/spec/enigma_decrypt_spec.rb": {
        "lines": [
          1,
          1,
          1,
          null,
          1,
          1,
          9,
          9,
          9,
          null,
          null,
          1,
          1,
          null,
          null,
          1,
          1,
          1,
          1,
          null,
          null,
          1,
          1,
          null,
          null,
          1,
          1,
          null,
          null,
          1,
          1,
          1,
          null,
          null,
          1,
          1,
          null,
          null,
          1,
          1,
          null,
          null,
          null,
          null,
          null,
          null,
          1,
          1,
          null,
          null,
          null,
          null,
          null,
          null,
          1,
          1,
          null,
          null,
          null,
          null,
          null,
          null
        ]
      },
      "/Users/mayutakeda/turing/1mod/projects/enigma/lib/enigma_decrypt.rb": {
        "lines": [
          1,
          1,
          null,
          1,
          1,
          null,
          1,
          9,
          null,
          null,
          1,
          null,
          3,
          null,
          null,
          null,
          null,
          null
        ]
      },
      "/Users/mayutakeda/turing/1mod/projects/enigma/lib/decryptable.rb": {
        "lines": [
          1,
          1,
          null,
          null,
          null,
          null,
          149377,
          597548,
          597547,
          null,
          1,
          null,
          null,
          null,
          null
        ]
      },
      "/Users/mayutakeda/turing/1mod/projects/enigma/spec/enigma_spec.rb": {
        "lines": [
          1,
          1,
          1,
          null,
          1,
          1,
          11,
          null,
          null,
          1,
          1,
          null,
          null,
          1,
          1,
          1,
          1,
          null,
          null,
          1,
          1,
          null,
          null,
          1,
          1,
          1,
          null,
          null,
          1,
          1,
          null,
          null,
          1,
          1,
          null,
          null,
          1,
          1,
          1,
          null,
          null,
          1,
          1,
          null,
          null,
          1,
          1,
          null,
          null,
          1,
          1,
          1,
          null,
          null,
          1,
          1,
          1,
          1,
          1,
          1,
          null,
          null
        ]
      },
      "/Users/mayutakeda/turing/1mod/projects/enigma/spec/enigma_crack_spec_v3.rb": {
        "lines": [
          1,
          1,
          1,
          1,
          null,
          1,
          1,
          10,
          10,
          null,
          null,
          1,
          1,
          null,
          null,
          1,
          1,
          1,
          1,
          null,
          null,
          1,
          1,
          null,
          null,
          1,
          1,
          null,
          null,
          1,
          1,
          1,
          null,
          null,
          1,
          1,
          1,
          null,
          null,
          1,
          1,
          null,
          null,
          1,
          1,
          null,
          null,
          1,
          1,
          null,
          null,
          1,
          1,
          null,
          null,
          null,
          null,
          1,
          null,
          null,
          null,
          null,
          null,
          null
        ]
      },
      "/Users/mayutakeda/turing/1mod/projects/enigma/lib/enigma_crack_v3.rb": {
        "lines": [
          1,
          1,
          null,
          1,
          1,
          null,
          1,
          null,
          1,
          10,
          10,
          40,
          null,
          null,
          1,
          null,
          1,
          null,
          null,
          null,
          null,
          null,
          1,
          1,
          null,
          null,
          1,
          2,
          2,
          2,
          149370,
          null,
          2,
          2,
          null,
          null,
          1,
          3,
          3,
          null,
          null,
          1,
          4,
          null,
          null,
          1,
          149373,
          null,
          null
        ]
      }
    },
    "timestamp": 1655242139
  }
}
