{
  "RSpec": {
    "coverage": {
      "/Users/mayutakeda/turing/1mod/projects/enigma/spec/enigma_spec.rb": {
        "lines": [
          1,
          1,
          1,
          null,
          1,
          1,
          17,
          null,
          null,
          1,
          1,
          null,
          null,
          1,
          1,
          1,
          1,
          null,
          null,
          1,
          1,
          null,
          null,
          1,
          1,
          1,
          null,
          null,
          1,
          1,
          null,
          null,
          1,
          1,
          null,
          null,
          1,
          1,
          null,
          null,
          null,
          null,
          null,
          null,
          1,
          1,
          null,
          null,
          null,
          null,
          null,
          null,
          1,
          1,
          null,
          null,
          null,
          null,
          null,
          null,
          1,
          1,
          1,
          null,
          null,
          1,
          1,
          null,
          null,
          1,
          1,
          null,
          null,
          1,
          1,
          null,
          null,
          null,
          null,
          null,
          null,
          1,
          1,
          null,
          null,
          null,
          null,
          null,
          null,
          1,
          1,
          null,
          null,
          null,
          null,
          null,
          null,
          1,
          1,
          1,
          null,
          null,
          1,
          1,
          1,
          1,
          null,
          null
        ]
      },
      "/Users/mayutakeda/turing/1mod/projects/enigma/lib/enigma.rb": {
        "lines": [
          1,
          1,
          null,
          1,
          31,
          31,
          31,
          31,
          null,
          null,
          1,
          null,
          16,
          null,
          null,
          null,
          null,
          null,
          1,
          null,
          null,
          null,
          null,
          null,
          16,
          161,
          157,
          null,
          4,
          null,
          null,
          null,
          null,
          1,
          192,
          null,
          null,
          1,
          null,
          null,
          null,
          null,
          191,
          191,
          191,
          null,
          null,
          1,
          null,
          null,
          null,
          192,
          192,
          960,
          192,
          null,
          null,
          1,
          null,
          null,
          970,
          null,
          null,
          1,
          null,
          null,
          193,
          965,
          null,
          null
        ]
      },
      "/Users/mayutakeda/turing/1mod/projects/enigma/spec/decrypt_spec.rb": {
        "lines": [
          1,
          1,
          1,
          null,
          1,
          1,
          7,
          7,
          7,
          null,
          null,
          1,
          1,
          null,
          null,
          1,
          1,
          1,
          1,
          null,
          null,
          1,
          1,
          null,
          null,
          1,
          1,
          null,
          null,
          1,
          1,
          null,
          null,
          null,
          null,
          null,
          null,
          1,
          1,
          null,
          null,
          null,
          null,
          null,
          null,
          1,
          1,
          null,
          null,
          null,
          null,
          null,
          null
        ]
      },
      "/Users/mayutakeda/turing/1mod/projects/enigma/lib/decrypt.rb": {
        "lines": [
          1,
          null,
          1,
          null,
          1,
          7,
          null,
          null,
          1,
          null,
          3,
          null,
          null,
          null,
          null,
          null,
          1,
          null,
          null,
          null,
          null,
          3,
          34,
          33,
          null,
          1,
          null,
          null,
          null,
          null
        ]
      }
    },
    "timestamp": 1654965648
  }
}
